Invalid port. Exiting...
Invalid port. Exiting...
1616651951172	geckodriver	INFO	Listening on 127.0.0.1:60321
1616651954200	mozrunner::runner	INFO	Running command: "C:\\Program Files (x86)\\Mozilla Firefox\\firefox.exe" "--marionette" "-foreground" "-no-remote" "-profile" "C:\\Users\\EDGARA~1\\AppData\\Local\\Temp\\rust_mozprofilejX2EcE"
console.warn: SearchSettings: "get: No settings file exists, new profile?" (new Error("", "(unknown module)"))
1616651969898	Marionette	INFO	Listening on port 60329
1616651970350	Marionette	WARN	TLS certificate errors will be ignored for this session
JavaScript error: resource://gre/actors/AutoCompleteChild.jsm, line 125: Error: Invalid autocomplete selectedIndex
1616651972752	Marionette	INFO	Stopped listening on port 60329

###!!! [Child][RunMessage] Error: Channel closing: too late to send/recv, messages will be lost

JavaScript error: resource://gre/modules/UrlClassifierListManager.jsm, line 691: TypeError: this.tablesData[table] is undefined
console.error: (new Error("Connection closed before committing the transaction.", "resource://gre/modules/Sqlite.jsm", 687))
JavaScript error: resource://gre/modules/Sqlite.jsm, line 687: Error: Connection closed before committing the transaction.
console.log: "RemoteSettingsWorker error: Error: Can't import when we've started shutting down."
console.log: "RemoteSettingsWorker error: Error: Can't import when we've started shutting down."
console.log: "RemoteSettingsWorker error: Error: Can't import when we've started shutting down."
console.error: "Could not load engine google@search.mozilla.org: [Exception... \"AddonManager is not initialized\"  nsresult: \"0xc1f30001 (NS_ERROR_NOT_INITIALIZED)\"  location: \"JS frame :: resource://gre/modules/AddonManager.jsm :: installBuiltinAddon :: line 2550\"  data: no]"
console.error: "Could not load engine drae@search.mozilla.org: [Exception... \"AddonManager is not initialized\"  nsresult: \"0xc1f30001 (NS_ERROR_NOT_INITIALIZED)\"  location: \"JS frame :: resource://gre/modules/AddonManager.jsm :: installBuiltinAddon :: line 2550\"  data: no]"
console.error: "Could not load engine wikipedia@search.mozilla.org: [Exception... \"AddonManager is not initialized\"  nsresult: \"0xc1f30001 (NS_ERROR_NOT_INITIALIZED)\"  location: \"JS frame :: resource://gre/modules/AddonManager.jsm :: installBuiltinAddon :: line 2550\"  data: no]"
console.error: "Could not load engine bing@search.mozilla.org: [Exception... \"AddonManager is not initialized\"  nsresult: \"0xc1f30001 (NS_ERROR_NOT_INITIALIZED)\"  location: \"JS frame :: resource://gre/modules/AddonManager.jsm :: installBuiltinAddon :: line 2550\"  data: no]"
console.error: "Could not load engine ddg@search.mozilla.org: [Exception... \"AddonManager is not initialized\"  nsresult: \"0xc1f30001 (NS_ERROR_NOT_INITIALIZED)\"  location: \"JS frame :: resource://gre/modules/AddonManager.jsm :: installBuiltinAddon :: line 2550\"  data: no]"
console.error: "Could not load engine ebay@search.mozilla.org: [Exception... \"AddonManager is not initialized\"  nsresult: \"0xc1f30001 (NS_ERROR_NOT_INITIALIZED)\"  location: \"JS frame :: resource://gre/modules/AddonManager.jsm :: installBuiltinAddon :: line 2550\"  data: no]"
console.warn: SearchService: "_init: abandoning init due to shutting down"
JavaScript error: resource://gre/modules/AsyncShutdown.jsm, line 575: uncaught exception: 2147500036
JavaScript error: resource://gre/modules/AsyncShutdown.jsm, line 575: uncaught exception: 2147500036
JavaScript error: resource://gre/modules/AsyncShutdown.jsm, line 575: uncaught exception: 2147500036
JavaScript error: resource://gre/modules/AsyncShutdown.jsm, line 575: uncaught exception: 2147500036
JavaScript error: resource://gre/modules/AsyncShutdown.jsm, line 575: uncaught exception: 2147500036
JavaScript error: resource://gre/modules/AsyncShutdown.jsm, line 575: uncaught exception: 2147500036
console.log: "RemoteSettingsWorker error: Error: Can't import when we've started shutting down."
console.log: "RemoteSettingsWorker error: Error: Can't import when we've started shutting down."
JavaScript error: , line 0: uncaught exception: 2147500036

###!!! [Child][RunMessage] Error: Channel closing: too late to send/recv, messages will be lost

JavaScript error: resource:///modules/EveryWindow.jsm, line 37: NS_ERROR_UNEXPECTED: Component returned failure code: 0x8000ffff (NS_ERROR_UNEXPECTED) [nsIWindowMediator.getEnumerator]
JavaScript error: resource://gre/modules/CrashManager.jsm, line 833: NotAllowedError: Shutting down and refusing additional I/O tasks
1616652332153	geckodriver	INFO	Listening on 127.0.0.1:60523
1616652335185	mozrunner::runner	INFO	Running command: "C:\\Program Files (x86)\\Mozilla Firefox\\firefox.exe" "--marionette" "-foreground" "-no-remote" "-profile" "C:\\Users\\EDGARA~1\\AppData\\Local\\Temp\\rust_mozprofileQYW3QE"
console.warn: SearchSettings: "get: No settings file exists, new profile?" (new Error("", "(unknown module)"))
1616652348294	Marionette	INFO	Listening on port 60532
1616652348688	Marionette	WARN	TLS certificate errors will be ignored for this session
1616652615281	Marionette	INFO	Stopped listening on port 60532

###!!! [Child][RunMessage] Error: Channel closing: too late to send/recv, messages will be lost

.exe" "--marionette" "-foreground" "-no-remote" "-profile" "C:\\Users\\EDGARA~1\\AppData\\Local\\Temp\\rust_mozprofilecXuZTM"
console.warn: SearchSettings: "get: No settings file exists, new profile?" (new Error("", "(unknown module)"))
1616652411162	Marionette	INFO	Listening on port 60614
1616652411585	Marionette	WARN	TLS certificate errors will be ignored for this session
1616652414082	Marionette	INFO	Stopped listening on port 60614
console.log: "RemoteSettingsWorker error: Error: Can't import when we've started shutting down."
console.log: "RemoteSettingsWorker error: Error: Can't import when we've started shutting down."
console.log: "RemoteSettingsWorker error: Error: Can't import when we've started shutting down."
console.log: "RemoteSettingsWorker error: Error: Can't import when we've started shutting down."
console.error: "Could not load engine google@search.mozilla.org: [Exception... \"AddonManager is not initialized\"  nsresult: \"0xc1f30001 (NS_ERROR_NOT_INITIALIZED)\"  location: \"JS frame :: resource://gre/modules/AddonManager.jsm :: installBuiltinAddon :: line 2550\"  data: no]"
console.error: "Could not load engine drae@search.mozilla.org: [Exception... \"AddonManager is not initialized\"  nsresult: \"0xc1f30001 (NS_ERROR_NOT_INITIALIZED)\"  location: \"JS frame :: resource://gre/modules/AddonManager.jsm :: installBuiltinAddon :: line 2550\"  data: no]"
console.error: "Could not load engine wikipedia@search.mozilla.org: [Exception... \"AddonManager is not initialized\"  nsresult: \"0xc1f30001 (NS_ERROR_NOT_INITIALIZED)\"  location: \"JS frame :: resource://gre/modules/AddonManager.jsm :: installBuiltinAddon :: line 2550\"  data: no]"
console.error: "Could not load engine bing@search.mozilla.org: [Exception... \"AddonManager is not initialized\"  nsresult: \"0xc1f30001 (NS_ERROR_NOT_INITIALIZED)\"  location: \"JS frame :: resource://gre/modules/AddonManager.jsm :: installBuiltinAddon :: line 2550\"  data: no]"
console.error: "Could not load engine ddg@search.mozilla.org: [Exception... \"AddonManager is not initialized\"  nsresult: \"0xc1f30001 (NS_ERROR_NOT_INITIALIZED)\"  location: \"JS frame :: resource://gre/modules/AddonManager.jsm :: installBuiltinAddon :: line 2550\"  data: no]"
console.error: "Could not load engine ebay@search.mozilla.org: [Exception... \"AddonManager is not initialized\"  nsresult: \"0xc1f30001 (NS_ERROR_NOT_INITIALIZED)\"  location: \"JS frame :: resource://gre/modules/AddonManager.jsm :: installBuiltinAddon :: line 2550\"  data: no]"
console.warn: SearchService: "_init: abandoning init due to shutting down"
console.log: "RemoteSettingsWorker error: Error: Can't import when we've started shutting down."
JavaScript error: resource://gre/modules/AsyncShutdown.jsm, line 575: uncaught exception: 2147500036
JavaScript error: resource://gre/modules/AsyncShutdown.jsm, line 575: uncaught exception: 2147500036
JavaScript error: resource://gre/modules/AsyncShutdown.jsm, line 575: uncaught exception: 2147500036
JavaScript error: resource://gre/modules/AsyncShutdown.jsm, line 575: uncaught exception: 2147500036
JavaScript error: resource://gre/modules/AsyncShutdown.jsm, line 575: uncaught exception: 2147500036
JavaScript error: resource://gre/modules/AsyncShutdown.jsm, line 575: uncaught exception: 2147500036
JavaScript error: , line 0: uncaught exception: 2147500036
JavaScript error: , line 0: AbortError: A request was aborted, for example through a call to IDBTransaction.abort.

###!!! [Child][RunMessage] Error: Channel closing: too late to send/recv, messages will be lost

JavaScript error: resource:///modules/EveryWindow.jsm, line 37: NS_ERROR_UNEXPECTED: Component returned failure code: 0x8000ffff (NS_ERROR_UNEXPECTED) [nsIWindowMediator.getEnumerator]
JavaScript error: resource://gre/modules/CrashManager.jsm, line 833: NotAllowedError: Shutting down and refusing additional I/O tasks
1616657041077	geckodriver	INFO	Listening on 127.0.0.1:59653
1616657044098	mozrunner::runner	INFO	Running command: "C:\\Program Files (x86)\\Mozilla Firefox\\firefox.exe" "--marionette" "-foreground" "-no-remote" "-profile" "C:\\Users\\EDGARA~1\\AppData\\Local\\Temp\\rust_mozprofile43a2nK"
console.warn: SearchSettings: "get: No settings file exists, new profile?" (new Error("", "(unknown module)"))
1616657056853	Marionette	INFO	Listening on port 59662
1616657056949	Marionette	WARN	TLS certificate errors will be ignored for this session
1616657337584	Marionette	INFO	Stopped listening on port 59662

###!!! [Child][RunMessage] Error: Channel closing: too late to send/recv, messages will be lost

.exe" "--marionette" "-foreground" "-no-remote" "-profile" "C:\\Users\\EDGARA~1\\AppData\\Local\\Temp\\rust_mozprofileh3gIOU"
console.warn: SearchSettings: "get: No settings file exists, new profile?" (new Error("", "(unknown module)"))
1616657102979	Marionette	INFO	Listening on port 59738
1616657103313	Marionette	WARN	TLS certificate errors will be ignored for this session
1616657338502	Marionette	INFO	Stopped listening on port 59738

###!!! [Child][RunMessage] Error: Channel closing: too late to send/recv, messages will be lost

.exe" "--marionette" "-foreground" "-no-remote" "-profile" "C:\\Users\\EDGARA~1\\AppData\\Local\\Temp\\rust_mozprofileev268T"
console.warn: SearchSettings: "get: No settings file exists, new profile?" (new Error("", "(unknown module)"))
1616657217856	Marionette	INFO	Listening on port 59822
1616657217918	Marionette	WARN	TLS certificate errors will be ignored for this session
1616657339199	Marionette	INFO	Stopped listening on port 59822

###!!! [Child][RunMessage] Error: Channel closing: too late to send/recv, messages will be lost

1616916867378	geckodriver	INFO	Listening on 127.0.0.1:57753
1616916870444	mozrunner::runner	INFO	Running command: "C:\\Program Files (x86)\\Mozilla Firefox\\firefox.exe" "--marionette" "-foreground" "-no-remote" "-profile" "C:\\Users\\EDGARA~1\\AppData\\Local\\Temp\\rust_mozprofileMD1ar5"
console.warn: SearchSettings: "get: No settings file exists, new profile?" (new Error("", "(unknown module)"))
1616916885399	Marionette	INFO	Listening on port 57762
1616916885650	Marionette	WARN	TLS certificate errors will be ignored for this session
JavaScript error: resource://gre/actors/AutoCompleteChild.jsm, line 125: Error: Invalid autocomplete selectedIndex
1616916888883	Marionette	INFO	Stopped listening on port 57762
JavaScript error: resource://gre/modules/UrlClassifierListManager.jsm, line 691: TypeError: this.tablesData[table] is undefined
JavaScript error: resource://gre/modules/Sqlite.jsm, line 927: Error: Connection is not open.
console.log: "RemoteSettingsWorker error: Error: Can't import when we've started shutting down."
console.log: "RemoteSettingsWorker error: Error: Can't import when we've started shutting down."
console.error: "Could not load engine google@search.mozilla.org: [Exception... \"AddonManager is not initialized\"  nsresult: \"0xc1f30001 (NS_ERROR_NOT_INITIALIZED)\"  location: \"JS frame :: resource://gre/modules/AddonManager.jsm :: installBuiltinAddon :: line 2550\"  data: no]"
console.error: "Could not load engine drae@search.mozilla.org: [Exception... \"AddonManager is not initialized\"  nsresult: \"0xc1f30001 (NS_ERROR_NOT_INITIALIZED)\"  location: \"JS frame :: resource://gre/modules/AddonManager.jsm :: installBuiltinAddon :: line 2550\"  data: no]"
console.error: "Could not load engine wikipedia@search.mozilla.org: [Exception... \"AddonManager is not initialized\"  nsresult: \"0xc1f30001 (NS_ERROR_NOT_INITIALIZED)\"  location: \"JS frame :: resource://gre/modules/AddonManager.jsm :: installBuiltinAddon :: line 2550\"  data: no]"
console.error: "Could not load engine bing@search.mozilla.org: [Exception... \"AddonManager is not initialized\"  nsresult: \"0xc1f30001 (NS_ERROR_NOT_INITIALIZED)\"  location: \"JS frame :: resource://gre/modules/AddonManager.jsm :: installBuiltinAddon :: line 2550\"  data: no]"
console.error: "Could not load engine ddg@search.mozilla.org: [Exception... \"AddonManager is not initialized\"  nsresult: \"0xc1f30001 (NS_ERROR_NOT_INITIALIZED)\"  location: \"JS frame :: resource://gre/modules/AddonManager.jsm :: installBuiltinAddon :: line 2550\"  data: no]"
console.error: "Could not load engine ebay@search.mozilla.org: [Exception... \"AddonManager is not initialized\"  nsresult: \"0xc1f30001 (NS_ERROR_NOT_INITIALIZED)\"  location: \"JS frame :: resource://gre/modules/AddonManager.jsm :: installBuiltinAddon :: line 2550\"  data: no]"
console.warn: SearchService: "_init: abandoning init due to shutting down"
JavaScript error: resource://gre/modules/AsyncShutdown.jsm, line 575: uncaught exception: 2147500036
JavaScript error: resource://gre/modules/AsyncShutdown.jsm, line 575: uncaught exception: 2147500036
JavaScript error: resource://gre/modules/AsyncShutdown.jsm, line 575: uncaught exception: 2147500036
JavaScript error: resource://gre/modules/AsyncShutdown.jsm, line 575: uncaught exception: 2147500036
JavaScript error: resource://gre/modules/AsyncShutdown.jsm, line 575: uncaught exception: 2147500036
JavaScript error: resource://gre/modules/AsyncShutdown.jsm, line 575: uncaught exception: 2147500036
console.log: "RemoteSettingsWorker error: Error: Can't import when we've started shutting down."
console.log: "RemoteSettingsWorker error: Error: Can't import when we've started shutting down."
console.log: "RemoteSettingsWorker error: Error: Can't import when we've started shutting down."
JavaScript error: , line 0: uncaught exception: 2147500036

###!!! [Child][RunMessage] Error: Channel closing: too late to send/recv, messages will be lost

JavaScript error: resource:///modules/EveryWindow.jsm, line 37: NS_ERROR_UNEXPECTED: Component returned failure code: 0x8000ffff (NS_ERROR_UNEXPECTED) [nsIWindowMediator.getEnumerator]
JavaScript error: resource://gre/modules/CrashManager.jsm, line 833: NotAllowedError: Shutting down and refusing additional I/O tasks
1616917077059	geckodriver	INFO	Listening on 127.0.0.1:57859
1616917080092	mozrunner::runner	INFO	Running command: "C:\\Program Files (x86)\\Mozilla Firefox\\firefox.exe" "--marionette" "-foreground" "-no-remote" "-profile" "C:\\Users\\EDGARA~1\\AppData\\Local\\Temp\\rust_mozprofiledMHoRj"
console.warn: SearchSettings: "get: No settings file exists, new profile?" (new Error("", "(unknown module)"))
1616917094402	Marionette	INFO	Listening on port 57867
1616917094626	Marionette	WARN	TLS certificate errors will be ignored for this session
1616917097102	Marionette	INFO	Stopped listening on port 57867
console.log: "RemoteSettingsWorker error: Error: Can't import when we've started shutting down."
console.log: "RemoteSettingsWorker error: Error: Can't import when we've started shutting down."
console.error: "Could not load engine google@search.mozilla.org: [Exception... \"AddonManager is not initialized\"  nsresult: \"0xc1f30001 (NS_ERROR_NOT_INITIALIZED)\"  location: \"JS frame :: resource://gre/modules/AddonManager.jsm :: installBuiltinAddon :: line 2550\"  data: no]"
console.error: "Could not load engine drae@search.mozilla.org: [Exception... \"AddonManager is not initialized\"  nsresult: \"0xc1f30001 (NS_ERROR_NOT_INITIALIZED)\"  location: \"JS frame :: resource://gre/modules/AddonManager.jsm :: installBuiltinAddon :: line 2550\"  data: no]"
console.error: "Could not load engine wikipedia@search.mozilla.org: [Exception... \"AddonManager is not initialized\"  nsresult: \"0xc1f30001 (NS_ERROR_NOT_INITIALIZED)\"  location: \"JS frame :: resource://gre/modules/AddonManager.jsm :: installBuiltinAddon :: line 2550\"  data: no]"
console.error: "Could not load engine bing@search.mozilla.org: [Exception... \"AddonManager is not initialized\"  nsresult: \"0xc1f30001 (NS_ERROR_NOT_INITIALIZED)\"  location: \"JS frame :: resource://gre/modules/AddonManager.jsm :: installBuiltinAddon :: line 2550\"  data: no]"
console.error: "Could not load engine ddg@search.mozilla.org: [Exception... \"AddonManager is not initialized\"  nsresult: \"0xc1f30001 (NS_ERROR_NOT_INITIALIZED)\"  location: \"JS frame :: resource://gre/modules/AddonManager.jsm :: installBuiltinAddon :: line 2550\"  data: no]"
console.error: "Could not load engine ebay@search.mozilla.org: [Exception... \"AddonManager is not initialized\"  nsresult: \"0xc1f30001 (NS_ERROR_NOT_INITIALIZED)\"  location: \"JS frame :: resource://gre/modules/AddonManager.jsm :: installBuiltinAddon :: line 2550\"  data: no]"
console.warn: SearchService: "_init: abandoning init due to shutting down"
JavaScript error: resource://gre/modules/AsyncShutdown.jsm, line 575: uncaught exception: 2147500036
JavaScript error: resource://gre/modules/AsyncShutdown.jsm, line 575: uncaught exception: 2147500036
JavaScript error: resource://gre/modules/AsyncShutdown.jsm, line 575: uncaught exception: 2147500036
JavaScript error: resource://gre/modules/AsyncShutdown.jsm, line 575: uncaught exception: 2147500036
JavaScript error: resource://gre/modules/AsyncShutdown.jsm, line 575: uncaught exception: 2147500036
JavaScript error: resource://gre/modules/AsyncShutdown.jsm, line 575: uncaught exception: 2147500036
console.log: "RemoteSettingsWorker error: Error: Can't import when we've started shutting down."
console.log: "RemoteSettingsWorker error: Error: Can't import when we've started shutting down."
console.log: "RemoteSettingsWorker error: Error: Can't import when we've started shutting down."
JavaScript error: , line 0: uncaught exception: 2147500036

###!!! [Child][RunMessage] Error: Channel closing: too late to send/recv, messages will be lost

JavaScript error: resource:///modules/EveryWindow.jsm, line 37: NS_ERROR_UNEXPECTED: Component returned failure code: 0x8000ffff (NS_ERROR_UNEXPECTED) [nsIWindowMediator.getEnumerator]
JavaScript error: resource://gre/modules/CrashManager.jsm, line 833: NotAllowedError: Shutting down and refusing additional I/O tasks
1617431283059	geckodriver	INFO	Listening on 127.0.0.1:51291
1617431285968	mozrunner::runner	INFO	Running command: "C:\\Program Files (x86)\\Mozilla Firefox\\firefox.exe" "--marionette" "-foreground" "-no-remote" "-profile" "C:\\Users\\EDGARA~1\\AppData\\Local\\Temp\\rust_mozprofileCVjtzB"
console.warn: SearchSettings: "get: No settings file exists, new profile?" (new Error("", "(unknown module)"))
1617431298605	Marionette	INFO	Listening on port 51300
1617431299177	Marionette	WARN	TLS certificate errors will be ignored for this session
1617431337558	Marionette	INFO	Stopped listening on port 51300

###!!! [Child][RunMessage] Error: Channel closing: too late to send/recv, messages will be lost

1617432281635	geckodriver	INFO	Listening on 127.0.0.1:51573
1617432284696	mozrunner::runner	INFO	Running command: "C:\\Program Files (x86)\\Mozilla Firefox\\firefox.exe" "--marionette" "-foreground" "-no-remote" "-profile" "C:\\Users\\EDGARA~1\\AppData\\Local\\Temp\\rust_mozprofilellOVks"
console.warn: SearchSettings: "get: No settings file exists, new profile?" (new Error("", "(unknown module)"))
1617432296640	Marionette	INFO	Listening on port 51581
1617432297241	Marionette	WARN	TLS certificate errors will be ignored for this session
1617432305450	Marionette	WARN	TimedPromise timed out after 500 ms: stacktrace:
TimedPromise/<@chrome://marionette/content/sync.js:231:19
TimedPromise@chrome://marionette/content/sync.js:216:10
interaction.flushEventLoop@chrome://marionette/content/interaction.js:433:10
webdriverClickElement@chrome://marionette/content/interaction.js:179:31

###!!! [Child][MessageChannel] Error: (msgtype=0x5B0004,name=PHttpChannel::Msg_Cancel) Channel closing: too late to send/recv, messages will be lost


###!!! [Child][MessageChannel] Error: (msgtype=0x5B0009,name=PHttpChannel::Msg_DeletingChannel) Channel closing: too late to send/recv, messages will be lost


###!!! [Child][MessageChannel] Error: (msgtype=0x5B0004,name=PHttpChannel::Msg_Cancel) Channel closing: too late to send/recv, messages will be lost


###!!! [Child][MessageChannel] Error: (msgtype=0x5B0009,name=PHttpChannel::Msg_DeletingChannel) Channel closing: too late to send/recv, messages will be lost


###!!! [Child][MessageChannel] Error: (msgtype=0x5B0004,name=PHttpChannel::Msg_Cancel) Channel closing: too late to send/recv, messages will be lost


###!!! [Child][MessageChannel] Error: (msgtype=0x5B0009,name=PHttpChannel::Msg_DeletingChannel) Channel closing: too late to send/recv, messages will be lost


###!!! [Child][RunMessage] Error: Channel closing: too late to send/recv, messages will be lost


###!!! [Child][RunMessage] Error: Channel closing: too late to send/recv, messages will be lost

1617432435256	Marionette	INFO	Stopped listening on port 51581
1617432557559	geckodriver	INFO	Listening on 127.0.0.1:51776
1617432560608	mozrunner::runner	INFO	Running command: "C:\\Program Files (x86)\\Mozilla Firefox\\firefox.exe" "--marionette" "-foreground" "-no-remote" "-profile" "C:\\Users\\EDGARA~1\\AppData\\Local\\Temp\\rust_mozprofilehRIOrH"
console.warn: SearchSettings: "get: No settings file exists, new profile?" (new Error("", "(unknown module)"))
1617432572738	Marionette	INFO	Listening on port 51785
1617432573021	Marionette	WARN	TLS certificate errors will be ignored for this session
1617432581497	Marionette	WARN	TimedPromise timed out after 500 ms: stacktrace:
TimedPromise/<@chrome://marionette/content/sync.js:231:19
TimedPromise@chrome://marionette/content/sync.js:216:10
interaction.flushEventLoop@chrome://marionette/content/interaction.js:433:10
webdriverClickElement@chrome://marionette/content/interaction.js:179:31
JavaScript error: resource://gre/modules/XULStore.jsm, line 66: Error: Can't find profile directory.
JavaScript error: resource://gre/modules/XULStore.jsm, line 66: Error: Can't find profile directory.
1617432733465	Marionette	INFO	Stopped listening on port 51785

###!!! [Child][RunMessage] Error: Channel closing: too late to send/recv, messages will be lost

1617434478285	geckodriver	INFO	Listening on 127.0.0.1:52470
1617434481345	mozrunner::runner	INFO	Running command: "C:\\Program Files (x86)\\Mozilla Firefox\\firefox.exe" "--marionette" "-foreground" "-no-remote" "-profile" "C:\\Users\\EDGARA~1\\AppData\\Local\\Temp\\rust_mozprofilerrPIOj"
console.warn: SearchSettings: "get: No settings file exists, new profile?" (new Error("", "(unknown module)"))
1617434493507	Marionette	INFO	Listening on port 52479
1617434493644	Marionette	WARN	TLS certificate errors will be ignored for this session
1617434502091	Marionette	WARN	TimedPromise timed out after 500 ms: stacktrace:
TimedPromise/<@chrome://marionette/content/sync.js:231:19
TimedPromise@chrome://marionette/content/sync.js:216:10
interaction.flushEventLoop@chrome://marionette/content/interaction.js:433:10
webdriverClickElement@chrome://marionette/content/interaction.js:179:31
JavaScript error: resource://gre/modules/XULStore.jsm, line 66: Error: Can't find profile directory.
JavaScript error: resource://gre/modules/XULStore.jsm, line 66: Error: Can't find profile directory.

###!!! [Child][RunMessage] Error: Channel closing: too late to send/recv, messages will be lost

1617434537122	Marionette	INFO	Stopped listening on port 52471617434540147	mozrunner::runner	INFO	Running command: "C:\\Program Files (x86)\\Mozilla Firefox\\firefox.exe" "--marionette" "-foreground" "-no-remote" "-profile" "C:\\Users\\EDGARA~1\\AppData\\Local\\Temp\\rust_mozprofile0gM1tu"
console.warn: SearchSettings: "get: No settings file exists, new profile?" (new Error("", "(unknown module)"))
1617434553174	Marionette	INFO	Listening on port 52681
1617434553627	Marionette	WARN	TLS certificate errors will be ignored for this session
1617434561938	Marionette	WARN	TimedPromise timed out after 500 ms: stacktrace:
TimedPromise/<@chrome://marionette/content/sync.js:231:19
TimedPromise@chrome://marionette/content/sync.js:216:10
interaction.flushEventLoop@chrome://marionette/content/interaction.js:433:10
webdriverClickElement@chrome://marionette/content/interaction.js:179:31
JavaScript error: resource://gre/modules/XULStore.jsm, line 66: Error: Can't find profile directory.
JavaScript error: resource://gre/modules/XULStore.jsm, line 66: Error: Can't find profile directory.
1617434625894	Marionette	INFO	Stopped listening on port 52681

###!!! [Child][RunMessage] Error: Channel closing: too late to send/recv, messages will be lost

1617434855967	geckodriver	INFO	Listening on 127.0.0.1:52910
1617434859030	mozrunner::runner	INFO	Running command: "C:\\Program Files (x86)\\Mozilla Firefox\\firefox.exe" "--marionette" "-foreground" "-no-remote" "-profile" "C:\\Users\\EDGARA~1\\AppData\\Local\\Temp\\rust_mozprofileuErtu3"
console.warn: SearchSettings: "get: No settings file exists, new profile?" (new Error("", "(unknown module)"))
1617434871355	Marionette	INFO	Listening on port 52918
1617434871928	Marionette	WARN	TLS certificate errors will be ignored for this session
1617434880079	Marionette	WARN	TimedPromise timed out after 500 ms: stacktrace:
TimedPromise/<@chrome://marionette/content/sync.js:231:19
TimedPromise@chrome://marionette/content/sync.js:216:10
interaction.flushEventLoop@chrome://marionette/content/interaction.js:433:10
webdriverClickElement@chrome://marionette/content/interaction.js:179:31
JavaScript error: resource://gre/modules/XULStore.jsm, line 66: Error: Can't find profile directory.
JavaScript error: resource://gre/modules/XULStore.jsm, line 66: Error: Can't find profile directory.

###!!! [Child][RunMessage] Error: Channel closing: too late to send/recv, messages will be lost


###!!! [Child][RunMessage] Error: Channel closing: too late to send/recv, messages will be lost


###!!! [Child][RunMessage] Error: Channel closing: too late to send/recv, messages wilconsole.warn: SearchSettings: "get: No settings file exists, new profile?" (new Error("", "(unknown module)"))
[Parent 15052, IPC I/O Parent] WARNING: file /builds/worker/checkouts/gecko/ipc/chromium/src/base/process_util_win.cc:167
1617435107824	Marionette	INFO	Listening on port 53114
1617435108065	Marionette	WARN	TLS certificate errors will be ignored for this session
1617435115397	Marionette	WARN	TimedPromise timed out after 500 ms: stacktrace:
TimedPromise/<@chrome://marionette/content/sync.js:231:19
TimedPromise@chrome://marionette/content/sync.js:216:10
interaction.flushEventLoop@chrome://marionette/content/interaction.js:433:10
webdriverClickElement@chrome://marionette/content/interaction.js:179:31
JavaScript error: resource://gre/modules/XULStore.jsm, line 66: Error: Can't find profile directory.
JavaScript error: resource://gre/modules/XULStore.jsm, line 66: Error: Can't find profile directory.
1617435148077	Marionette	INFO	Stopped listening on port 53114

###!!! [Child][RunMessage] Error: Channel closing: too late to send/recv, messages will be lost

1617435198984	geckodriver	INFO	Listening on 127.0.0.1:53311
1617435202050	mozrunner::runner	INFO	Running command: "C:\\Program Files (x86)\\Mozilla Firefox\\firefox.exe" "--marionette" "-foreground" "-no-remote" "-profile" "C:\\Users\\EDGARA~1\\AppData\\Local\\Temp\\rust_mozprofileMAsTbx"
console.warn: SearchSettings: "get: No settings file exists, new profile?" (new Error("", "(unknown module)"))
1617435214468	Marionette	INFO	Listening on port 53320
1617435214907	Marionette	WARN	TLS certificate errors will be ignored for this session
1617435223056	Marionette	WARN	TimedPromise timed out after 500 ms: stacktrace:
TimedPromise/<@chrome://marionette/content/sync.js:231:19
TimedPromise@chrome://marionette/content/sync.js:216:10
interaction.flushEventLoop@chrome://marionette/content/interaction.js:433:10
webdriverClickElement@chrome://marionette/content/interaction.js:179:31
JavaScript error: resource://gre/modules/XULStore.jsm, line 66: Error: Can't find profile directory.
JavaScript error: resource://gre/modules/XULStore.jsm, line 66: Error: Can't find profile directory.
1617435273719	Marionette	INFO	Stopped listening on port 53320

###!!! [Child][RunMessage] Error: Channel closing: too late to send/recv, messages will be lost

1617435274245	geckodriver	INFO	Listening on 127.0.0.1:53484
1617435277296	mozrunner::runner	INFO	Running command: "C:\\Program Files (x86)\\Mozilla Firefox\\firefox.exe" "--marionette" "-foreground" "-no-remote" "-profile" "C:\\Users\\EDGARA~1\\AppData\\Local\\Temp\\rust_mozprofileUAmoRE"
console.warn: SearchSettings: "get: No settings file exists, new profile?" (new Error("", "(unknown module)"))
1617435289884	Marionette	INFO	Listening on port 53492
1617435290103	Marionette	WARN	TLS certificate errors will be ignored for this session
JavaScript error: resource://gre/modules/XULStore.jsm, line 66: Error: Can't find profile directory.
JavaScript error: resource://gre/modules/XULStore.jsm, line 66: Error: Can't find profile directory.
[Parent 9828, IPC I/O Parent] WARNING: file /builds/worker/checkouts/gecko/ipc/chromium/src/base/process_util_win.cc:167
1617435357755	Marionette	INFO	Stopped listening on port 53492

###!!! [Child][RunMessage] Error: Channel closing: too late to send/recv, messages will be lost

1617435476750	geckodriver	INFO	Listening on 127.0.0.1:53715
1617435479824	mozrunner::runner	INFO	Running command: "C:\\Program Files (x86)\\Mozilla Firefox\\firefox.exe" "--marionette" "-foreground" "-no-remote" "-profile" "C:\\Users\\EDGARA~1\\AppData\\Local\\Temp\\rust_mozprofilepNQSNg"
console.warn: SearchSettings: "get: No settings file exists, new profile?" (new Error("", "(unknown module)"))
1617435493263	Marionette	INFO	Listening on port 53723
1617435493350	Marionette	WARN	TLS certificate errors will be ignored for this session
1617435501223	Marionette	WARN	TimedPromise timed out after 500 ms: stacktrace:
TimedPromise/<@chrome://marionette/content/sync.js:231:19
TimedPromise@chrome://marionette/content/sync.js:216:10
interaction.flushEventLoop@chrome://marionette/content/interaction.js:433:10
webdriverClickElement@chrome://marionette/content/interaction.js:179:31
JavaScript error: resource://gre/modules/XULStore.jsm, line 66: Error: Can't find profile directory.
JavaScript error: resource://gre/modules/XULStore.jsm, line 66: Error: Can't find profile directory.

###!!! [Child][RunMessage] Error: Channel closing: too late to send/recv, messages will be lost

1617435520966	Marionette	INFO	Stopped listening on port 53723
1617435524028	geckodriver	INFO	Listening on 127.0.0.1:53896
1617435527090	mozrunner::runner	INFO	Running command: "C:\\Program Files (x86)\\Mozilla Firefox\\firefox.exe" "--marionette" "-foreground" "-no-remote" "-profile" "C:\\Users\\EDGARA~1\\AppData\\Local\\Temp\\rust_mozprofileVQnqd6"
console.warn: SearchSettings: "get: No settings file exists, new profile?" (new Error("", "(unknown module)"))
1617435539360	Marionette	INFO	Listening on port 53904
1617435539472	Marionette	WARN	TLS certificate errors will be ignored for this session
1617435547555	Marionette	WARN	TimedPromise timed out after 500 ms: stacktrace:
TimedPromise/<@chrome://marionette/content/sync.js:231:19
TimedPromise@chrome://marionette/content/sync.js:216:10
interaction.flushEventLoop@chrome://marionette/content/interaction.js:433:10
webdriverClickElement@chrome://marionette/content/interaction.js:179:31
JavaScript error: resource://gre/modules/XULStore.jsm, line 66: Error: Can't find profile directory.
JavaScript error: resource://gre/modules/XULStore.jsm, line 66: Error: Can't find profile directory.
1617435570058	Marionette	INFO	Stopped listening on port 53904

###!!! [Child][RunMessage] Error: Channel closing: too late to send/recv, messages will be lost

1617435587040	geckodriver	INFO	Listening on 127.0.0.1:54079
1617435590077	mozrunner::runner	INFO	Running command: "C:\\Program Files (x86)\\Mozilla Firefox\\firefox.exe" "--marionette" "-foreground" "-no-remote" "-profile" "C:\\Users\\EDGARA~1\\AppData\\Local\\Temp\\rust_mozprofileqpSg3G"
console.warn: SearchSettings: "get: No settings file exists, new profile?" (new Error("", "(unknown module)"))
1617435603119	Marionette	INFO	Listening on port 54087
1617435603835	Marionette	WARN	TLS certificate errors will be ignored for this session
1617435611049	Marionette	WARN	TimedPromise timed out after 500 ms: stacktrace:
TimedPromise/<@chrome://marionette/content/sync.js:231:19
TimedPromise@chrome://marionette/content/sync.js:216:10
interaction.flushEventLoop@chrome://marionette/content/interaction.js:433:10
webdriverClickElement@chrome://marionette/content/interaction.js:179:31
JavaScript error: resource://gre/modules/XULStore.jsm, line 66: Error: Can't find profile directory.
JavaScript error: resource://gre/modules/XULStore.jsm, line 66: Error: Can't find profile directory.
JavaScript error: https://www.shutterstock.com/es/, line 1: NS_ERROR_NOT_INITIALIZED: 
[Parent 1056, IPC I/O Parent] WARNING: file /builds/worker/checkouts/gecko/ipc/chromium/src/base/process_util_win.cc:167
1617435629430	Marionette	INFO	Stopped listening on port 54087

###!!! [Child][RunMessage] Error: Channel closing: too late to send/recv, messages will be lost

1617435684614	geckodriver	INFO	Listening on 127.0.0.1:54268
1617435687666	mozrunner::runner	INFO	Running command: "C:\\Program Files (x86)\\Mozilla Firefox\\firefox.exe" "--marionette" "-foreground" "-no-remote" "-profile" "C:\\Users\\EDGARA~1\\AppData\\Local\\Temp\\rust_mozprofileEd9e1P"
console.warn: SearchSettings: "get: No settings file exists, new profile?" (new Error("", "(unknown module)"))
1617435700217	Marionette	INFO	Listening on port 54276
1617435700724	Marionette	WARN	TLS certificate errors will be ignored for this session
JavaScript error: resource://gre/modules/XULStore.jsm, line 66: Error: Can't find profile directory.
JavaScript error: resource://gre/modules/XULStore.jsm, line 66: Error: Can't find profile directory.
1617435767107	Marionette	INFO	Stopped listening on port 54276

###!!! [Child][RunMessage] Error: Channel closing: too late to send/recv, messages will be lost

1617435775642	geckodriver	INFO	Listening on 127.0.0.1:54453
1617435778717	mozrunner::runner	INFO	Running command: "C:\\Program Files (x86)\\Mozilla Firefox\\firefox.exe" "--marionette" "-foreground" "-no-remote" "-profile" "C:\\Users\\EDGARA~1\\AppData\\Local\\Temp\\rust_mozprofilecYubKz"
console.warn: SearchSettings: "get: No settings file exists, new profile?" (new Error("", "(unknown module)"))
1617435791262	Marionette	INFO	Listening on port 54462
1617435791561	Marionette	WARN	TLS certificate errors will be ignored for this session
1617435799754	Marionette	WARN	TimedPromise timed out after 500 ms: stacktrace:
TimedPromise/<@chrome://marionette/content/sync.js:231:19
TimedPromise@chrome://marionette/content/sync.js:216:10
interaction.flushEventLoop@chrome://marionette/content/interaction.js:433:10
webdriverClickElement@chrome://marionette/content/interaction.js:179:31
JavaScript error: resource://gre/modules/XULStore.jsm, line 66: Error: Can't find profile directory.
JavaScript error: resource://gre/modules/XULStore.jsm, line 66: Error: Can't find profile directory.
1617435859097	Marionette	INFO	Stopped listening on port 54462

###!!! [Child][RunMessage] Error: Channel closing: too late to send/recv, messages will be lost

1617436231560	geckodriver	INFO	Listening on 127.0.0.1:54736
1617436234603	mozrunner::runner	INFO	Running command: "C:\\Program Files (x86)\\Mozilla Firefox\\firefox.exe" "--marionette" "-foreground" "-no-remote" "-profile" "C:\\Users\\EDGARA~1\\AppData\\Local\\Temp\\rust_mozprofiletGFlx7"
console.warn: SearchSettings: "get: No settings file exists, new profile?" (new Error("", "(unknown module)"))
1617436247842	Marionette	INFO	Listening on port 54744
1617436248320	Marionette	WARN	TLS certificate errors will be ignored for this session
1617436256148	Marionette	WARN	TimedPromise timed out after 500 ms: stacktrace:
TimedPromise/<@chrome://marionette/content/sync.js:231:19
TimedPromise@chrome://marionette/content/sync.js:216:10
interaction.flushEventLoop@chrome://marionette/content/interaction.js:433:10
webdriverClickElement@chrome://marionette/content/interaction.js:179:31
JavaScript error: resource://gre/modules/XULStore.jsm, line 66: Error: Can't find profile directory.
JavaScript error: resource://gre/modules/XULStore.jsm, line 66: Error: Can't find profile directory.
[Child 9300, IPC I/O Child] WARNING: pipe error: 232: file /builds/worker/checkouts/gecko/ipc/chromium/src/chrome/common/ipc_channel_win.cc:544
[Child 9300, IPC I/O Child] WARNING: pipe error: 232: file /builds/worker/checkouts/gecko/ipc/chromium/src/chrome/common/ipc_channel_win.cc:544
[Child 9300, IPC I/O Child] WARNING: pipe error: 232: file /builds/worker/checkouts/gecko/ipc/chromium/src/chrome/common/ipc_channel_win.cc:544

###!!! [Child][RunMessage] Error: Channel closing: too late to send/recv, messages will be lost


###!!! [Child][RunMessage] Error: Channel closing: too late to send/recv, messages will be lost

1617436287579	Marionette	INFO	Stopped listening on port 54744

###!!! [Child][RunMessage] Error: Channel closing: too late to send/recv, messages will be lost

1617436522263	geckodriver	INFO	Listening on 127.0.0.1:54985
1617436525329	mozrunner::runner	INFO	Running command: "C:\\Program Files (x86)\\Mozilla Firefox\\firefox.exe" "--marionette" "-foreground" "-no-remote" "-profile" "C:\\Users\\EDGARA~1\\AppData\\Local\\Temp\\rust_mozprofile6IIROq"
console.warn: SearchSettings: "get: No settings file exists, new profile?" (new Error("", "(unknown module)"))
1617436537994	Marionette	INFO	Listening on port 54993
1617436538170	Marionette	WARN	TLS certificate errors will be ignored for this session
JavaScript error: resource://gre/modules/XULStore.jsm, line 66: Error: Can't find profile directory.
JavaScript error: resource://gre/modules/XULStore.jsm, line 66: Error: Can't find profile directory.
1617436685497	Marionette	INFO	Stopped listening on port 54993

###!!! [Child][RunMessage] Error: Channel closing: too late to send/recv, messages will be lost

1617436823143	geckodriver	INFO	Listening on 127.0.0.1:55224
1617436826208	mozrunner::runner	INFO	Running command: "C:\\Program Files (x86)\\Mozilla Firefox\\firefox.exe" "--marionette" "-foreground" "-no-remote" "-profile" "C:\\Users\\EDGARA~1\\AppData\\Local\\Temp\\rust_mozprofilettyI37"
console.warn: SearchSettings: "get: No settings file exists, new profile?" (new Error("", "(unknown module)"))
1617436838780	Marionette	INFO	Listening on port 55232
1617436839044	Marionette	WARN	TLS certificate errors will be ignored for this session
1617436846461	Marionette	WARN	TimedPromise timed out after 500 ms: stacktrace:
TimedPromise/<@chrome://marionette/content/sync.js:231:19
TimedPromise@chrome://marionette/content/sync.js:216:10
interaction.flushEventLoop@chrome://marionette/content/interaction.js:433:10
webdriverClickElement@chrome://marionette/content/interaction.js:179:31
JavaScript error: resource://gre/modules/XULStore.jsm, line 66: Error: Can't find profile directory.
JavaScript error: resource://gre/modules/XULStore.jsm, line 66: Error: Can't find profile directory.
JavaScript error: https://secure.quantserve.com/quant.js, line 2: NS_ERROR_UNEXPECTED: 
1617436865774	Marionette	INFO	Stopped listening on port 55232

###!!! [Child][RunMessage] Error: Channel closing: too late to send/recv, messages will be lost

1617436960459	geckodriver	INFO	Listening on 127.0.0.1:55421
1617436963498	mozrunner::runner	INFO	Running command: "C:\\Program Files (x86)\\Mozilla Firefox\\firefox.exe" "--marionette" "-foreground" "-no-remote" "-profile" "C:\\Users\\EDGARA~1\\AppData\\Local\\Temp\\rust_mozprofilehhCS4r"
console.warn: SearchSettings: "get: No settings file exists, new profile?" (new Error("", "(unknown module)"))
1617436975364	Marionette	INFO	Listening on port 55430
1617436975873	Marionette	WARN	TLS certificate errors will be ignored for this session
1617436983592	Marionette	WARN	TimedPromise timed out after 500 ms: stacktrace:
TimedPromise/<@chrome://marionette/content/sync.js:231:19
TimedPromise@chrome://marionette/content/sync.js:216:10
interaction.flushEventLoop@chrome://marionette/content/interaction.js:433:10
webdriverClickElement@chrome://marionette/content/interaction.js:179:31
JavaScript error: resource://gre/modules/XULStore.jsm, line 66: Error: Can't find profile directory.
JavaScript error: resource://gre/modules/XULStore.jsm, line 66: Error: Can't find profile directory.
1617437020877	Marionette	INFO	Stopped listening on port 55430

###!!! [Child][RunMessage] Error: Channel closing: too late to send/recv, messages will be lost

1617437291071	geckodriver	INFO	Listening on 127.0.0.1:55646
1617437294130	mozrunner::runner	INFO	Running command: "C:\\Program Files (x86)\\Mozilla Firefox\\firefox.exe" "--marionette" "-foreground" "-no-remote" "-profile" "C:\\Users\\EDGARA~1\\AppData\\Local\\Temp\\rust_mozprofilensPI38"
console.warn: SearchSettings: "get: No settings file exists, new profile?" (new Error("", "(unknown module)"))
1617437305768	Marionette	INFO	Listening on port 55654
1617437306003	Marionette	WARN	TLS certificate errors will be ignored for this session
1617437313648	Marionette	WARN	TimedPromise timed out after 500 ms: stacktrace:
TimedPromise/<@chrome://marionette/content/sync.js:231:19
TimedPromise@chrome://marionette/content/sync.js:216:10
interaction.flushEventLoop@chrome://marionette/content/interaction.js:433:10
webdriverClickElement@chrome://marionette/content/interaction.js:179:31
JavaScript error: resource://gre/modules/XULStore.jsm, line 66: Error: Can't find profile directory.
JavaScript error: resource://gre/modules/XULStore.jsm, line 66: Error: Can't find profile directory.
1617437342499	Marionette	INFO	Stopped listening on port 55654

###!!! [Child][RunMessage] Error: Channel closing: too late to send/recv, messages will be lost

1617437344561	geckodriver	INFO	Listening on 127.0.0.1:55834
1617437347605	mozrunner::runner	INFO	Running command: "C:\\Program Files (x86)\\Mozilla Firefox\\firefox.exe" "--marionette" "-foreground" "-no-remote" "-profile" "C:\\Users\\EDGARA~1\\AppData\\Local\\Temp\\rust_mozprofilemtapvx"
console.warn: SearchSettings: "get: No settings file exists, new profile?" (new Error("", "(unknown module)"))
1617437359149	Marionette	INFO	Listening on port 55843
1617437359595	Marionette	WARN	TLS certificate errors will be ignored for this session
1617437367335	Marionette	WARN	TimedPromise timed out after 500 ms: stacktrace:
TimedPromise/<@chrome://marionette/content/sync.js:231:19
TimedPromise@chrome://marionette/content/sync.js:216:10
interaction.flushEventLoop@chrome://marionette/content/interaction.js:433:10
webdriverClickElement@chrome://marionette/content/interaction.js:179:31
JavaScript error: resource://gre/modules/XULStore.jsm, line 66: Error: Can't find profile directory.
JavaScript error: resource://gre/modules/XULStore.jsm, line 66: Error: Can't find profile directory.
console.warn: "Async method failed in safeAsyncMethod" (new Error("Connection closed, pending request to server0.conn0.child3/domwalker23, type cancelPick failed\n\nRequest stack:\nrequest@resource://devtools/shared/protocol/Front.js:288:14\ngenerateRequestMethods/</frontProto[name]@resource://devtools/shared/protocol/Front/FrontClassWithSpec.js:46:19\ncancelPick@resource://devtools/client/fronts/walker.js:546:18\nexports.safeAsyncMethod/<@resource://devtools/shared/async-utils.js:57:25\n_onInspectorFrontDestroyed@resource://devtools/client/inspector/node-picker.js:114:18\nstop@resource://devtools/client/inspector/node-picker.js:174:18\n_destroyToolbox@resource://devtools/client/framework/toolbox.js:3718:24\ndestroy@resource://devtools/client/framework/toolbox.js:3652:10\ncloseToolbox@resource://devtools/client/framework/toolbox.js:3628:16\nonClick@resource://devtools/client/framework/components/ToolboxToolbar.js:456:26\ninvokeGuardedCallbackImpl@resource://devtools/client/shared/vendor/react-dom.js:74:10\ninvokeGuardedCallback@resource://devtools/client/shared/vendor/react-dom.js:111:29\ninvokeGuardedCallbackAndCatchFirstError@resource://devtools/client/shared/vendor/react-dom.js:125:25\nexecuteDispatch@resource://devtools/client/shared/vendor/react-dom.js:346:42\nexecuteDispatchesInOrder@resource://devtools/client/shared/vendor/react-dom.js:365:20\nexecuteDispatchesAndRelease@resource://devtools/client/shared/vendor/react-dom.js:462:29\nexecuteDispatchesAndReleaseTopLevel@resource://devtools/client/shared/vendor/react-dom.js:470:10\nforEachAccumulated@resource://devtools/client/shared/vendor/react-dom.js:444:8\nrunEventsInBatch@resource://devtools/client/shared/vendor/react-dom.js:598:21\nrunExtractedEventsInBatch@resource://devtools/client/shared/vendor/react-dom.js:606:19\nhandleTopLevel@resource://devtools/client/shared/vendor/react-dom.js:4272:30\nbatchedUpdates$1@resource://devtools/client/shared/vendor/react-dom.js:15752:12\nbatchedUpdates@resource://devtools/client/shared/vendor/react-dom.js:1882:12\ndispatchEvent@resource://devtools/client/shared/vendor/react-dom.js:4351:19\ninteractiveUpdates$1/<@resource://devtools/client/shared/vendor/react-dom.js:15803:14\nunstable_runWithPriority@resource://devtools/client/shared/vendor/react.js:617:12\ninteractiveUpdates$1@resource://devtools/client/shared/vendor/react-dom.js:15802:12\ninteractiveUpdates@resource://devtools/client/shared/vendor/react-dom.js:1901:10\ndispatchInteractiveEvent@resource://devtools/client/shared/vendor/react-dom.js:4328:21\n", "resource://devtools/shared/protocol/Front.js", 99))
1617437532532	Marionette	INFO	Stopped listening on port 55843

###!!! [Child][RunMessage] Error: Channel closing: too late to send/recv, messages will be lost

1617437561779	geckodriver	INFO	Listening on 127.0.0.1:56084
1617437564848	mozrunner::runner	INFO	Running command: "C:\\Program Files (x86)\\Mozilla Firefox\\firefox.exe" "--marionette" "-foreground" "-no-remote" "-profile" "C:\\Users\\EDGARA~1\\AppData\\Local\\Temp\\rust_mozprofilepkchw2"
console.warn: SearchSettings: "get: No settings file exists, new profile?" (new Error("", "(unknown module)"))
1617437578382	Marionette	INFO	Listening on port 56092
1617437578887	Marionette	WARN	TLS certificate errors will be ignored for this session
1617437587101	Marionette	WARN	TimedPromise timed out after 500 ms: stacktrace:
TimedPromise/<@chrome://marionette/content/sync.js:231:19
TimedPromise@chrome://marionette/content/sync.js:216:10
interaction.flushEventLoop@chrome://marionette/content/interaction.js:433:10
webdriverClickElement@chrome://marionette/content/interaction.js:179:31
JavaScript error: resource://gre/modules/XULStore.jsm, line 66: Error: Can't find profile directory.
JavaScript error: resource://gre/modules/XULStore.jsm, line 66: Error: Can't find profile directory.

###!!! [Child][RunMessage] Error: Channel closing: too late to send/recv, messages will be lost

1617437611827	Marionette	INFO	Stopped listening on port 56092

###!!! [Child][RunMessage] Error: Channel closing: too late to send/recv, messages will be lost

1617437864046	geckodriver	INFO	Listening on 127.0.0.1:56376
1617437867145	mozrunner::runner	INFO	Running command: "C:\\Program Files (x86)\\Mozilla Firefox\\firefox.exe" "--marionette" "-foreground" "-no-remote" "-profile" "C:\\Users\\EDGARA~1\\AppData\\Local\\Temp\\rust_mozprofiletKFepK"
console.warn: SearchSettings: "get: No settings file exists, new profile?" (new Error("", "(unknown module)"))
1617437879409	Marionette	INFO	Listening on port 56384
1617437879677	Marionette	WARN	TLS certificate errors will be ignored for this session
JavaScript error: resource://gre/modules/XULStore.jsm, line 66: Error: Can't find profile directory.
JavaScript error: resource://gre/modules/XULStore.jsm, line 66: Error: Can't find profile directory.

###!!! [Child][MessageChannel] Error: (msgtype=0x5B0009,name=PHttpChannel::Msg_DeletingChannel) Channel closing: too late to send/recv, messages will be lost


###!!! [Child][MessageChannel] Error: (msgtype=0x5B0004,name=PHttpChannel::Msg_Cancel) Channel closing: too late to send/recv, messages will be lost


###!!! [Child][MessageChannel] Error: (msgtype=0x5B0009,name=PHttpChannel::Msg_DeletingChannel) Channel closing: too late to send/recv, messages will be lost


###!!! [Child][MessageChannel] Error: (msgtype=0x5B0004,name=PHttpChannel::Msg_Cancel) Channel closing: too late to send/recv, messages will be lost


###!!! [Child][MessageChannel] Error: (msgtype=0x5B0009,name=PHttpChannel::Msg_DeletingChannel) Channel closing: too late to send/recv, messages will be lost


###!!! [Child][RunMessage] Error: Channel closing: too late to send/recv, messages will be lost

1617437968423	Marionette	INFO	Stopped listening on port 56384

###!!! [Child][RunMessage] Error: Channel closing: too late to send/recv, messages will be lost

1617438043199	geckodriver	INFO	Listening on 127.0.0.1:56600
1617438046250	mozrunner::runner	INFO	Running command: "C:\\Program Files (x86)\\Mozilla Firefox\\firefox.exe" "--marionette" "-foreground" "-no-remote" "-profile" "C:\\Users\\EDGARA~1\\AppData\\Local\\Temp\\rust_mozprofile8wxllb"
console.warn: SearchSettings: "get: No settings file exists, new profile?" (new Error("", "(unknown module)"))
[Parent 15200, IPC I/O Parent] WARNING: file /builds/worker/checkouts/gecko/ipc/chromium/src/base/process_util_win.cc:167
1617438058166	Marionette	INFO	Listening on port 56608
1617438058576	Marionette	WARN	TLS certificate errors will be ignored for this session
1617438065893	Marionette	WARN	TimedPromise timed out after 500 ms: stacktrace:
TimedPromise/<@chrome://marionette/content/sync.js:231:19
TimedPromise@chrome://marionette/content/sync.js:216:10
interaction.flushEventLoop@chrome://marionette/content/interaction.js:433:10
webdriverClickElement@chrome://marionette/content/interaction.js:179:31
JavaScript error: resource://gre/modules/XULStore.jsm, line 66: Error: Can't find profile directory.
JavaScript error: resource://gre/modules/XULStore.jsm, line 66: Error: Can't find profile directory.
console.warn: "Async method failed in safeAsyncMethod" (new Error("Connection closed, pending request to server0.conn0.child3/domwalker23, type cancelPick failed\n\nRequest stack:\nrequest@resource://devtools/shared/protocol/Front.js:288:14\ngenerateRequestMethods/</frontProto[name]@resource://devtools/shared/protocol/Front/FrontClassWithSpec.js:46:19\ncancelPick@resource://devtools/client/fronts/walker.js:546:18\nexports.safeAsyncMethod/<@resource://devtools/shared/async-utils.js:57:25\n_onInspectorFrontDestroyed@resource://devtools/client/inspector/node-picker.js:114:18\nstop@resource://devtools/client/inspector/node-picker.js:174:18\n_destroyToolbox@resource://devtools/client/framework/toolbox.js:3718:24\ndestroy@resource://devtools/client/framework/toolbox.js:3652:10\n_forgetBrowserWindow@resource://devtools/client/framework/devtools-browser.js:709:17\nhandleEvent@resource://devtools/client/framework/devtools-browser.js:730:26\n", "resource://devtools/shared/protocol/Front.js", 99))

###!!! [Child][RunMessage] Error: Channel closing: too late to send/recv, messages will be lost

1617438112021	Marionette	INFO	Stopped listening on port 56608

###!!! [Child][RunMessage] Error: Channel closing: too late to send/recv, messages will be lost

1617438534480	geckodriver	INFO	Listening on 127.0.0.1:56883
1617438537529	mozrunner::runner	INFO	Running command: "C:\\Program Files (x86)\\Mozilla Firefox\\firefox.exe" "--marionette" "-foreground" "-no-remote" "-profile" "C:\\Users\\EDGARA~1\\AppData\\Local\\Temp\\rust_mozprofileOmoCCG"
console.warn: SearchSettings: "get: No settings file exists, new profile?" (new Error("", "(unknown module)"))
1617438550855	Marionette	INFO	Listening on port 56891
1617438551397	Marionette	WARN	TLS certificate errors will be ignored for this session
1617438560891	Marionette	WARN	TimedPromise timed out after 500 ms: stacktrace:
TimedPromise/<@chrome://marionette/content/sync.js:231:19
TimedPromise@chrome://marionette/content/sync.js:216:10
interaction.flushEventLoop@chrome://marionette/content/interaction.js:433:10
webdriverClickElement@chrome://marionette/content/interaction.js:179:31
JavaScript error: resource://gre/modules/XULStore.jsm, line 66: Error: Can't find profile directory.
JavaScript error: resource://gre/modules/XULStore.jsm, line 66: Error: Can't find profile directory.
1617438620671	Marionette	INFO	Stopped listening on port 56891

###!!! [Child][RunMessage] Error: Channel closing: too late to send/recv, messages will be lost

1617488189723	geckodriver	INFO	Listening on 127.0.0.1:50607
1617488192602	mozrunner::runner	INFO	Running command: "C:\\Program Files (x86)\\Mozilla Firefox\\firefox.exe" "--marionette" "-foreground" "-no-remote" "-profile" "C:\\Users\\EDGARA~1\\AppData\\Local\\Temp\\rust_mozprofilelSxeu8"
console.warn: SearchSettings: "get: No settings file exists, new profile?" (new Error("", "(unknown module)"))
1617488205196	Marionette	INFO	Listening on port 50615
1617488205472	Marionette	WARN	TLS certificate errors will be ignored for this session
[Parent 14664, IPC I/O Parent] WARNING: file /builds/worker/checkouts/gecko/ipc/chromium/src/base/process_util_win.cc:167
1617488214009	Marionette	WARN	TimedPromise timed out after 500 ms: stacktrace:
TimedPromise/<@chrome://marionette/content/sync.js:231:19
TimedPromise@chrome://marionette/content/sync.js:216:10
interaction.flushEventLoop@chrome://marionette/content/interaction.js:433:10
webdriverClickElement@chrome://marionette/content/interaction.js:179:31
JavaScript error: resource://gre/modules/XULStore.jsm, line 66: Error: Can't find profile directory.
JavaScript error: resource://gre/modules/XULStore.jsm, line 66: Error: Can't find profile directory.
1617488271183	Marionette	INFO	Stopped listening on port 50615

###!!! [Child][RunMessage] Error: Channel closing: too late to send/recv, messages will be lost

1617496439433	geckodriver	INFO	Listening on 127.0.0.1:51858
1617496442424	mozrunner::runner	INFO	Running command: "C:\\Program Files (x86)\\Mozilla Firefox\\firefox.exe" "--marionette" "-foreground" "-no-remote" "-profile" "C:\\Users\\EDGARA~1\\AppData\\Local\\Temp\\rust_mozprofileHmRtQV"
console.warn: SearchSettings: "get: No settings file exists, new profile?" (new Error("", "(unknown module)"))
1617496454488	Marionette	INFO	Listening on port 51866
1617496454918	Marionette	WARN	TLS certificate errors will be ignored for this session
JavaScript error: resource://gre/modules/XULStore.jsm, line 66: Error: Can't find profile directory.
JavaScript error: resource://gre/modules/XULStore.jsm, line 66: Error: Can't find profile directory.
1617496780846	Marionette	INFO	Stopped listening on port 51866

###!!! [Child][RunMessage] Error: Channel closing: too late to send/recv, messages will be lost


###!!! [Child][RunMessage] Error: Channel closing: too late to send/recv, messages will be lost


###!!! [Child][RunMessage] Error: Channel closing: too late to send/recv, messages will be lost


###!!! [Child][MessageChannel] Error: (msgtype=0x230032,name=PBrowser::Msg___delete__) Channel closing: too late to send/recv, messages will be lost


###!!! [Child][RunMessage] Error: Channel closing: too late to send/recv, messages will be lost

1617500120241	geckodriver	INFO	Listening on 127.0.0.1:53493
1617500123297	mozrunner::runner	INFO	Running command: "C:\\Program Files (x86)\\Mozilla Firefox\\firefox.exe" "--marionette" "-foreground" "-no-remote" "-profile" "C:\\Users\\EDGARA~1\\AppData\\Local\\Temp\\rust_mozprofileRfumYw"
console.warn: SearchSettings: "get: No settings file exists, new profile?" (new Error("", "(unknown module)"))
[Parent 12308, IPC I/O Parent] WARNING: file /builds/worker/checkouts/gecko/ipc/chromium/src/base/process_util_win.cc:167
1617500135655	Marionette	INFO	Listening on port 53501
1617500136136	Marionette	WARN	TLS certificate errors will be ignored for this session
1617500143408	Marionette	WARN	TimedPromise timed out after 500 ms: stacktrace:
TimedPromise/<@chrome://marionette/content/sync.js:231:19
TimedPromise@chrome://marionette/content/sync.js:216:10
interaction.flushEventLoop@chrome://marionette/content/interaction.js:433:10
webdriverClickElement@chrome://marionette/content/interaction.js:179:31
JavaScript error: resource://gre/modules/XULStore.jsm, line 66: Error: Can't find profile directory.
JavaScript error: resource://gre/modules/XULStore.jsm, line 66: Error: Can't find profile directory.

###!!! [Child][MessageChannel] Error: (msgtype=0x5B0004,name=PHttpChannel::Msg_Cancel) Channel closing: too late to send/recv, messages will be lost


###!!! [Child][MessageChannel] Error: (msgtype=0x5B0009,name=PHttpChannel::Msg_DeletingChannel) Channel closing: too late to send/recv, messages will be lost


###!!! [Child][MessageChannel] Error: (msgtype=0x5B0004,name=PHttpChannel::Msg_Cancel) Channel closing: too late to send/recv, messages will be lost


###!!! [Child][MessageChannel] Error: (msgtype=0x5B0009,name=PHttpChannel::Msg_DeletingChannel) Channel closing: too late to send/recv, messages will be lost


###!!! [Child][RunMessage] Error: Channel closing: too late to send/recv, messages will be lost


###!!! [Child][RunMessage] Error: Channel closing: too late to send/recv, messages will be lost

1617500395215	Marionette	INFO	Stopped listening on port 53501

###!!! [Child][RunMessage] Error: Channel closing: too late to send/recv, messages will be lost

1617500503033	geckodriver	INFO	Listening on 127.0.0.1:53906
1617500506084	mozrunner::runner	INFO	Running command: "C:\\Program Files (x86)\\Mozilla Firefox\\firefox.exe" "--marionette" "-foreground" "-no-remote" "-profile" "C:\\Users\\EDGARA~1\\AppData\\Local\\Temp\\rust_mozprofileRynPpj"
console.warn: SearchSettings: "get: No settings file exists, new profile?" (new Error("", "(unknown module)"))
1617500517958	Marionette	INFO	Listening on port 53914
1617500518437	Marionette	WARN	TLS certificate errors will be ignored for this session
JavaScript error: resource://gre/modules/XULStore.jsm, line 66: Error: Can't find profile directory.
JavaScript error: resource://gre/modules/XULStore.jsm, line 66: Error: Can't find profile directory.
1617500645157	Marionette	INFO	Stopped listening on port 53914

###!!! [Child][RunMessage] Error: Channel closing: too late to send/recv, messages will be lost

1617501260297	geckodriver	INFO	Listening on 127.0.0.1:54500
1617501263363	mozrunner::runner	INFO	Running command: "C:\\Program Files (x86)\\Mozilla Firefox\\firefox.exe" "--marionette" "-foreground" "-no-remote" "-profile" "C:\\Users\\EDGARA~1\\AppData\\Local\\Temp\\rust_mozprofile8JPH0f"
console.warn: SearchSettings: "get: No settings file exists, new profile?" (new Error("", "(unknown module)"))
1617501275192	Marionette	INFO	Listening on port 54508
1617501275745	Marionette	WARN	TLS certificate errors will be ignored for this session
1617501285149	Marionette	WARN	TimedPromise timed out after 500 ms: stacktrace:
TimedPromise/<@chrome://marionette/content/sync.js:231:19
TimedPromise@chrome://marionette/content/sync.js:216:10
interaction.flushEventLoop@chrome://marionette/content/interaction.js:433:10
webdriverClickElement@chrome://marionette/content/interaction.js:179:31
JavaScript error: resource://gre/modules/XULStore.jsm, line 66: Error: Can't find profile directory.
JavaScript error: resource://gre/modules/XULStore.jsm, line 66: Error: Can't find profile directory.
1617501393185	Marionette	INFO	Stopped listening on port 54508
1617503908654	geckodriver	INFO	Listening on 127.0.0.1:56368
1617503911686	mozrunner::runner	INFO	Running command: "C:\\Program Files (x86)\\Mozilla Firefox\\firefox.exe" "--marionette" "-foreground" "-no-remote" "-profile" "C:\\Users\\EDGARA~1\\AppData\\Local\\Temp\\rust_mozprofileOopNcS"
console.warn: SearchSettings: "get: No settings file exists, new profile?" (new Error("", "(unknown module)"))
1617503924629	Marionette	INFO	Listening on port 56377
1617503925194	Marionette	WARN	TLS certificate errors will be ignored for this session
1617503935487	Marionette	WARN	TimedPromise timed out after 500 ms: stacktrace:
TimedPromise/<@chrome://marionette/content/sync.js:231:19
TimedPromise@chrome://marionette/content/sync.js:216:10
interaction.flushEventLoop@chrome://marionette/content/interaction.js:433:10
webdriverClickElement@chrome://marionette/content/interaction.js:179:31
JavaScript error: resource://gre/modules/XULStore.jsm, line 66: Error: Can't find profile directory.
JavaScript error: resource://gre/modules/XULStore.jsm, line 66: Error: Can't find profile directory.
1617503976961	Marionette	WARN	TimedPromise timed out after 500 ms: stacktrace:
TimedPromise/<@chrome://marionette/content/sync.js:231:19
TimedPromise@chrome://marionette/content/sync.js:216:10
interaction.flushEventLoop@chrome://marionette/content/interaction.js:433:10
webdriverClickElement@chrome://marionette/content/interaction.js:179:31
1617504033947	Marionette	INFO	Stopped listening on port 56377

###!!! [Child][RunMessage] Error: Channel closing: too late to send/recv, messages will be lost

1617504576643	geckodriver	INFO	Listening on 127.0.0.1:57010
1617504579675	mozrunner::runner	INFO	Running command: "C:\\Program Files (x86)\\Mozilla Firefox\\firefox.exe" "--marionette" "-foreground" "-no-remote" "-profile" "C:\\Users\\EDGARA~1\\AppData\\Local\\Temp\\rust_mozprofileW4EnlA"
console.warn: SearchSettings: "get: No settings file exists, new profile?" (new Error("", "(unknown module)"))
1617504592744	Marionette	INFO	Listening on port 57036
1617504593191	Marionette	WARN	TLS certificate errors will be ignored for this session
1617504601610	Marionette	WARN	TimedPromise timed out after 500 ms: stacktrace:
TimedPromise/<@chrome://marionette/content/sync.js:231:19
TimedPromise@chrome://marionette/content/sync.js:216:10
interaction.flushEventLoop@chrome://marionette/content/interaction.js:433:10
webdriverClickElement@chrome://marionette/content/interaction.js:179:31
JavaScript error: resource://gre/modules/XULStore.jsm, line 66: Error: Can't find profile directory.
JavaScript error: resource://gre/modules/XULStore.jsm, line 66: Error: Can't find profile directory.
1617504742856	Marionette	WARN	TimedPromise timed out after 500 ms: stacktrace:
TimedPromise/<@chrome://marionette/content/sync.js:231:19
TimedPromise@chrome://marionette/content/sync.js:216:10
interaction.flushEventLoop@chrome://marionette/content/interaction.js:433:10
webdriverClickElement@chrome://marionette/content/interaction.js:179:31
1617504743092	Marionette	INFO	Stopped listening on port 57036

###!!! [Child][RunMessage] Error: Channel closing: too late to send/recv, messages will be lost

1617506450294	geckodriver	INFO	Listening on 127.0.0.1:57990
1617506453354	mozrunner::runner	INFO	Running command: "C:\\Program Files (x86)\\Mozilla Firefox\\firefox.exe" "--marionette" "-foreground" "-no-remote" "-profile" "C:\\Users\\EDGARA~1\\AppData\\Local\\Temp\\rust_mozprofileq1PDzQ"
console.warn: SearchSettings: "get: No settings file exists, new profile?" (new Error("", "(unknown module)"))
[Parent 7968, IPC I/O Parent] WARNING: file /builds/worker/checkouts/gecko/ipc/chromium/src/base/process_util_win.cc:167
1617506465739	Marionette	INFO	Listening on port 57998
1617506466190	Marionette	WARN	TLS certificate errors will be ignored for this session
1617506473874	Marionette	WARN	TimedPromise timed out after 500 ms: stacktrace:
TimedPromise/<@chrome://marionette/content/sync.js:231:19
TimedPromise@chrome://marionette/content/sync.js:216:10
interaction.flushEventLoop@chrome://marionette/content/interaction.js:433:10
webdriverClickElement@chrome://marionette/content/interaction.js:179:31
JavaScript error: resource://gre/modules/XULStore.jsm, line 66: Error: Can't find profile directory.
JavaScript error: resource://gre/modules/XULStore.jsm, line 66: Error: Can't find profile directory.
1617506508838	Marionette	WARN	TimedPromise timed out after 500 ms: stacktrace:
TimedPromise/<@chrome://marionette/content/sync.js:231:19
TimedPromise@chrome://marionette/content/sync.js:216:10
interaction.flushEventLoop@chrome://marionette/content/interaction.js:433:10
webdriverClickElement@chrome://marionette/content/interaction.js:179:31
1617506541910	Marionette	WARN	TimedPromise timed out after 500 ms: stacktrace:
TimedPromise/<@chrome://marionette/content/sync.js:231:19
TimedPromise@chrome://marionette/content/sync.js:216:10
interaction.flushEventLoop@chrome://marionette/content/interaction.js:433:10
webdriverClickElement@chrome://marionette/content/interaction.js:179:31
1617506569042	Marionette	INFO	Stopped listening on port 57998

###!!! [Child][RunMessage] Error: Channel closing: too late to send/recv, messages will be lost

1617583256450	geckodriver	INFO	Listening on 127.0.0.1:52621
1617583259369	mozrunner::runner	INFO	Running command: "C:\\Program Files (x86)\\Mozilla Firefox\\firefox.exe" "--marionette" "-foreground" "-no-remote" "-profile" "C:\\Users\\EDGARA~1\\AppData\\Local\\Temp\\rust_mozprofilehk2y79"
console.warn: SearchSettings: "get: No settings file exists, new profile?" (new Error("", "(unknown module)"))
1617583274753	Marionette	INFO	Listening on port 52629
1617583275152	Marionette	WARN	TLS certificate errors will be ignored for this session
1617583287151	Marionette	WARN	TimedPromise timed out after 500 ms: stacktrace:
TimedPromise/<@chrome://marionette/content/sync.js:231:19
TimedPromise@chrome://marionette/content/sync.js:216:10
interaction.flushEventLoop@chrome://marionette/content/interaction.js:433:10
webdriverClickElement@chrome://marionette/content/interaction.js:179:31
JavaScript error: resource://gre/modules/XULStore.jsm, line 66: Error: Can't find profile directory.
JavaScript error: resource://gre/modules/XULStore.jsm, line 66: Error: Can't find profile directory.
1617583401892	Marionette	INFO	Stopped listening on port 52629

###!!! [Child][RunMessage] Error: Channel closing: too late to send/recv, messages will be lost

1617583597313	geckodriver	INFO	Listening on 127.0.0.1:53154
1617583600334	mozrunner::runner	INFO	Running command: "C:\\Program Files (x86)\\Mozilla Firefox\\firefox.exe" "--marionette" "-foreground" "-no-remote" "-profile" "C:\\Users\\EDGARA~1\\AppData\\Local\\Temp\\rust_mozprofileGZoTpU"
console.warn: SearchSettings: "get: No settings file exists, new profile?" (new Error("", "(unknown module)"))
1617583613050	Marionette	INFO	Listening on port 53163
1617583613229	Marionette	WARN	TLS certificate errors will be ignored for this session
1617583622147	Marionette	WARN	TimedPromise timed out after 500 ms: stacktrace:
TimedPromise/<@chrome://marionette/content/sync.js:231:19
TimedPromise@chrome://marionette/content/sync.js:216:10
interaction.flushEventLoop@chrome://marionette/content/interaction.js:433:10
webdriverClickElement@chrome://marionette/content/interaction.js:179:31
JavaScript error: resource://gre/modules/XULStore.jsm, line 66: Error: Can't find profile directory.
JavaScript error: resource://gre/modules/XULStore.jsm, line 66: Error: Can't find profile directory.
1617583720033	Marionette	INFO	Stopped listening on port 53163

###!!! [Child][RunMessage] Error: Channel closing: too late to send/recv, messages will be lost

1617583860356	geckodriver	INFO	Listening on 127.0.0.1:53671
1617583863399	mozrunner::runner	INFO	Running command: "C:\\Program Files (x86)\\Mozilla Firefox\\firefox.exe" "--marionette" "-foreground" "-no-remote" "-profile" "C:\\Users\\EDGARA~1\\AppData\\Local\\Temp\\rust_mozprofilerQGRJF"
console.warn: SearchSettings: "get: No settings file exists, new profile?" (new Error("", "(unknown module)"))
1617583876282	Marionette	INFO	Listening on port 53681
1617583876470	Marionette	WARN	TLS certificate errors will be ignored for this session
1617583884794	Marionette	WARN	TimedPromise timed out after 500 ms: stacktrace:
TimedPromise/<@chrome://marionette/content/sync.js:231:19
TimedPromise@chrome://marionette/content/sync.js:216:10
interaction.flushEventLoop@chrome://marionette/content/interaction.js:433:10
webdriverClickElement@chrome://marionette/content/interaction.js:179:31
JavaScript error: resource://gre/modules/XULStore.jsm, line 66: Error: Can't find profile directory.
JavaScript error: resource://gre/modules/XULStore.jsm, line 66: Error: Can't find profile directory.
1617583981548	Marionette	INFO	Stopped listening on port 53681

###!!! [Child][RunMessage] Error: Channel closing: too late to send/recv, messages will be lost

1620618558163	geckodriver	INFO	Listening on 127.0.0.1:54017
1620618561179	mozrunner::runner	INFO	Running command: "C:\\Program Files (x86)\\Mozilla Firefox\\firefox.exe" "--marionette" "-foreground" "-no-remote" "-profile" "C:\\Users\\EDGARA~1\\AppData\\Local\\Temp\\rust_mozprofileGi4zhq"
1620618563505	Marionette	INFO	Marionette enabled
console.warn: SearchSettings: "get: No settings file exists, new profile?" (new Error("", "(unknown module)"))
1620618575031	Marionette	INFO	Listening on port 54025
1620618575235	Marionette	WARN	TLS certificate errors will be ignored for this session
JavaScript error: resource://gre/modules/XULStore.jsm, line 66: Error: Can't find profile directory.
JavaScript error: resource://gre/modules/XULStore.jsm, line 66: Error: Can't find profile directory.
1620618743246	Marionette	INFO	Stopped listening on port 54025

###!!! [Child][RunMessage] Error: Channel closing: too late to send/recv, messages will be lost

1620619442547	geckodriver	INFO	Listening on 127.0.0.1:54674
1620619445621	mozrunner::runner	INFO	Running command: "C:\\Program Files (x86)\\Mozilla Firefox\\firefox.exe" "--marionette" "-foreground" "-no-remote" "-profile" "C:\\Users\\EDGARA~1\\AppData\\Local\\Temp\\rust_mozprofileLiDHDp"
1620619448314	Marionette	INFO	Marionette enabled
console.warn: SearchSettings: "get: No settings file exists, new profile?" (new Error("", "(unknown module)"))
1620619459517	Marionette	INFO	Listening on port 54683
1620619459657	Marionette	WARN	TLS certificate errors will be ignored for this session
1620619468352	Marionette	WARN	TimedPromise timed out after 500 ms: stacktrace:
TimedPromise/<@chrome://marionette/content/sync.js:237:19
TimedPromise@chrome://marionette/content/sync.js:222:10
interaction.flushEventLoop@chrome://marionette/content/interaction.js:431:10
webdriverClickElement@chrome://marionette/content/interaction.js:179:31
JavaScript error: resource://gre/modules/XULStore.jsm, line 66: Error: Can't find profile directory.
JavaScript error: resource://gre/modules/XULStore.jsm, line 66: Error: Can't find profile directory.
1620619525315	Marionette	WARN	TimedPromise timed out after 500 ms: stacktrace:
TimedPromise/<@chrome://marionette/content/sync.js:237:19
TimedPromise@chrome://marionette/content/sync.js:222:10
interaction.flushEventLoop@chrome://marionette/content/interaction.js:431:10
webdriverClickElement@chrome://marionette/content/interaction.js:179:31
1620619600416	Marionette	INFO	Stopped listening on port 54683

###!!! [Child][RunMessage] Error: Channel closing: too late to send/recv, messages will be lost

1620626093259	geckodriver	INFO	Listening on 127.0.0.1:55982
1620626096288	mozrunner::runner	INFO	Running command: "C:\\Program Files (x86)\\Mozilla Firefox\\firefox.exe" "--marionette" "-foreground" "-no-remote" "-profile" "C:\\Users\\EDGARA~1\\AppData\\Local\\Temp\\rust_mozprofile7AkNSA"
1620626098155	Marionette	INFO	Marionette enabled
console.warn: SearchSettings: "get: No settings file exists, new profile?" (new Error("", "(unknown module)"))
1620626109028	Marionette	INFO	Listening on port 55990
1620626109162	Marionette	WARN	TLS certificate errors will be ignored for this session
1620626117244	Marionette	WARN	TimedPromise timed out after 500 ms: stacktrace:
TimedPromise/<@chrome://marionette/content/sync.js:237:19
TimedPromise@chrome://marionette/content/sync.js:222:10
interaction.flushEventLoop@chrome://marionette/content/interaction.js:431:10
webdriverClickElement@chrome://marionette/content/interaction.js:179:31
JavaScript error: resource://gre/modules/XULStore.jsm, line 66: Error: Can't find profile directory.
JavaScript error: resource://gre/modules/XULStore.jsm, line 66: Error: Can't find profile directory.
1620626264196	Marionette	INFO	Stopped listening on port 55990

###!!! [Child][RunMessage] Error: Channel closing: too late to send/recv, messages will be lost

1620626416098	geckodriver	INFO	Listening on 127.0.0.1:56556
1620626419144	mozrunner::runner	INFO	Running command: "C:\\Program Files (x86)\\Mozilla Firefox\\firefox.exe" "--marionette" "-foreground" "-no-remote" "-profile" "C:\\Users\\EDGARA~1\\AppData\\Local\\Temp\\rust_mozprofileeq3nGN"
1620626421533	Marionette	INFO	Marionette enabled
console.warn: SearchSettings: "get: No settings file exists, new profile?" (new Error("", "(unknown module)"))
1620626431229	Marionette	INFO	Listening on port 56564
1620626431556	Marionette	WARN	TLS certificate errors will be ignored for this session
JavaScript error: resource://gre/modules/XULStore.jsm, line 66: Error: Can't find profile directory.
JavaScript error: resource://gre/modules/XULStore.jsm, line 66: Error: Can't find profile directory.
1620626556233	Marionette	INFO	Stopped listening on port 56564

###!!! [Child][RunMessage] Error: Channel closing: too late to send/recv, messages will be lost

1620630203830	geckodriver	INFO	Listening on 127.0.0.1:58984
1620630206853	mozrunner::runner	INFO	Running command: "C:\\Program Files (x86)\\Mozilla Firefox\\firefox.exe" "--marionette" "-foreground" "-no-remote" "-profile" "C:\\Users\\EDGARA~1\\AppData\\Local\\Temp\\rust_mozprofilejd3J6d"
1620630208732	Marionette	INFO	Marionette enabled
console.warn: SearchSettings: "get: No settings file exists, new profile?" (new Error("", "(unknown module)"))
1620630219215	Marionette	INFO	Listening on port 58992
1620630219762	Marionette	WARN	TLS certificate errors will be ignored for this session
1620630227280	Marionette	WARN	TimedPromise timed out after 500 ms: stacktrace:
TimedPromise/<@chrome://marionette/content/sync.js:237:19
TimedPromise@chrome://marionette/content/sync.js:222:10
interaction.flushEventLoop@chrome://marionette/content/interaction.js:431:10
webdriverClickElement@chrome://marionette/content/interaction.js:179:31
JavaScript error: resource://gre/modules/XULStore.jsm, line 66: Error: Can't find profile directory.
JavaScript error: resource://gre/modules/XULStore.jsm, line 66: Error: Can't find profile directory.
1620630323245	Marionette	INFO	Stopped listening on port 58992

###!!! [Child][RunMessage] Error: Channel closing: too late to send/recv, messages will be lost

1620630403456	geckodriver	INFO	Listening on 127.0.0.1:59573
1620630406513	mozrunner::runner	INFO	Running command: "C:\\Program Files (x86)\\Mozilla Firefox\\firefox.exe" "--marionette" "-foreground" "-no-remote" "-profile" "C:\\Users\\EDGARA~1\\AppData\\Local\\Temp\\rust_mozprofileBpZS3p"
1620630408338	Marionette	INFO	Marionette enabled
console.warn: SearchSettings: "get: No settings file exists, new profile?" (new Error("", "(unknown module)"))
1620630419126	Marionette	INFO	Listening on port 59582
1620630419367	Marionette	WARN	TLS certificate errors will be ignored for this session
JavaScript error: resource://gre/modules/XULStore.jsm, line 66: Error: Can't find profile directory.
JavaScript error: resource://gre/modules/XULStore.jsm, line 66: Error: Can't find profile directory.
1620630479278	Marionette	WARN	TimedPromise timed out after 500 ms: stacktrace:
TimedPromise/<@chrome://marionette/content/sync.js:237:19
TimedPromise@chrome://marionette/content/sync.js:222:10
interaction.flushEventLoop@chrome://marionette/content/interaction.js:431:10
webdriverClickElement@chrome://marionette/content/interaction.js:179:31
1620630542278	Marionette	INFO	Stopped listening on port 59582

###!!! [Child][RunMessage] Error: Channel closing: too late to send/recv, messages will be lost

1620630603467	geckodriver	INFO	Listening on 127.0.0.1:60127
1620630606524	mozrunner::runner	INFO	Running command: "C:\\Program Files (x86)\\Mozilla Firefox\\firefox.exe" "--marionette" "-foreground" "-no-remote" "-profile" "C:\\Users\\EDGARA~1\\AppData\\Local\\Temp\\rust_mozprofilefLhSok"
1620630608542	Marionette	INFO	Marionette enabled
console.warn: SearchSettings: "get: No settings file exists, new profile?" (new Error("", "(unknown module)"))
1620630618561	Marionette	INFO	Listening on port 60135
1620630618893	Marionette	WARN	TLS certificate errors will be ignored for this session
1620630625653	Marionette	WARN	TimedPromise timed out after 500 ms: stacktrace:
TimedPromise/<@chrome://marionette/content/sync.js:237:19
TimedPromise@chrome://marionette/content/sync.js:222:10
interaction.flushEventLoop@chrome://marionette/content/interaction.js:431:10
webdriverClickElement@chrome://marionette/content/interaction.js:179:31
JavaScript error: resource://gre/modules/XULStore.jsm, line 66: Error: Can't find profile directory.
JavaScript error: resource://gre/modules/XULStore.jsm, line 66: Error: Can't find profile directory.
1620630771880	Marionette	INFO	Stopped listening on port 60135

###!!! [Child][RunMessage] Error: Channel closing: too late to send/recv, messages will be lost


###!!! [Child][RunMessage] Error: Channel closing: too late to send/recv, messages will be lost

1620630799330	geckodriver	INFO	Listening on 127.0.0.1:60666
1620630802369	mozrunner::runner	INFO	Running command: "C:\\Program Files (x86)\\Mozilla Firefox\\firefox.exe" "--marionette" "-foreground" "-no-remote" "-profile" "C:\\Users\\EDGARA~1\\AppData\\Local\\Temp\\rust_mozprofilerEUIqP"
1620630804173	Marionette	INFO	Marionette enabled
console.warn: SearchSettings: "get: No settings file exists, new profile?" (new Error("", "(unknown module)"))
1620630814151	Marionette	INFO	Listening on port 60674
1620630814243	Marionette	WARN	TLS certificate errors will be ignored for this session
JavaScript error: resource://gre/modules/XULStore.jsm, line 66: Error: Can't find profile directory.
JavaScript error: resource://gre/modules/XULStore.jsm, line 66: Error: Can't find profile directory.
1620630969760	Marionette	INFO	Stopped listening on port 60674

###!!! [Child][RunMessage] Error: Channel closing: too late to send/recv, messages will be lost

1620631042937	geckodriver	INFO	Listening on 127.0.0.1:61206
1620631046009	mozrunner::runner	INFO	Running command: "C:\\Program Files (x86)\\Mozilla Firefox\\firefox.exe" "--marionette" "-foreground" "-no-remote" "-profile" "C:\\Users\\EDGARA~1\\AppData\\Local\\Temp\\rust_mozprofileBD41PZ"
1620631047978	Marionette	INFO	Marionette enabled
console.warn: SearchSettings: "get: No settings file exists, new profile?" (new Error("", "(unknown module)"))
1620631057444	Marionette	INFO	Listening on port 61214
1620631057892	Marionette	WARN	TLS certificate errors will be ignored for this session
1620631065598	Marionette	WARN	TimedPromise timed out after 500 ms: stacktrace:
TimedPromise/<@chrome://marionette/content/sync.js:237:19
TimedPromise@chrome://marionette/content/sync.js:222:10
interaction.flushEventLoop@chrome://marionette/content/interaction.js:431:10
webdriverClickElement@chrome://marionette/content/interaction.js:179:31
JavaScript error: resource://gre/modules/XULStore.jsm, line 66: Error: Can't find profile directory.
JavaScript error: resource://gre/modules/XULStore.jsm, line 66: Error: Can't find profile directory.
1620631214404	Marionette	INFO	Stopped listening on port 61214

###!!! [Child][RunMessage] Error: Channel closing: too late to send/recv, messages will be lost

